[0629/130944.064:ERROR:process_reader_win.cc(123)] NtOpenThread: {Access Denied} A process has requested access to an object, but has not been granted those access rights. (0xc0000022)
[0629/130944.064:ERROR:process_reader_win.cc(123)] NtOpenThread: {Access Denied} A process has requested access to an object, but has not been granted those access rights. (0xc0000022)
[0629/130944.132:ERROR:exception_snapshot_win.cc(98)] thread ID 36968 not found in process
[0629/130944.132:ERROR:exception_snapshot_win.cc(98)] thread ID 27216 not found in process
[0629/130944.076:ERROR:process_reader_win.cc(123)] NtOpenThread: {Access Denied} A process has requested access to an object, but has not been granted those access rights. (0xc0000022)
[0629/130944.172:ERROR:exception_snapshot_win.cc(98)] thread ID 29780 not found in process
[0629/130944.072:ERROR:process_reader_win.cc(151)] SuspendThread: Access is denied. (0x5)
[0629/130944.184:ERROR:process_reader_win.cc(151)] SuspendThread: Access is denied. (0x5)
[0629/130944.184:ERROR:process_reader_win.cc(151)] SuspendThread: Access is denied. (0x5)
[0629/130944.184:ERROR:process_reader_win.cc(151)] SuspendThread: Access is denied. (0x5)
[0629/130944.184:ERROR:process_reader_win.cc(123)] NtOpenThread: {Access Denied} A process has requested access to an object, but has not been granted those access rights. (0xc0000022)
[0629/130944.184:ERROR:exception_snapshot_win.cc(98)] thread ID 34112 not found in process
[0629/130944.096:ERROR:process_reader_win.cc(123)] NtOpenThread: {Access Denied} A process has requested access to an object, but has not been granted those access rights. (0xc0000022)
[0629/130944.188:ERROR:exception_snapshot_win.cc(98)] thread ID 30848 not found in process
[0629/130944.052:ERROR:process_info.cc(118)] ReadProcessMemory bool __cdecl crashpad::(anonymous namespace)::ReadStruct(HANDLE, crashpad::WinVMAddress, T *) [T = crashpad::process_types::PEB<crashpad::process_types::internal::Traits64>]: Only part of a ReadProcessMemory or WriteProcessMemory request was completed. (0x12B)
[0629/130944.192:ERROR:process_info.cc(551)] ReadProcessData failed
[0629/130944.068:ERROR:process_reader_win.cc(151)] SuspendThread: Access is denied. (0x5)
[0629/130944.192:ERROR:process_reader_win.cc(151)] SuspendThread: Access is denied. (0x5)
[0629/130944.196:ERROR:process_reader_win.cc(151)] SuspendThread: Access is denied. (0x5)
[0629/130944.196:ERROR:process_reader_win.cc(151)] SuspendThread: Access is denied. (0x5)
[0629/130944.196:ERROR:process_reader_win.cc(151)] SuspendThread: Access is denied. (0x5)
[0629/130944.196:ERROR:process_reader_win.cc(151)] SuspendThread: Access is denied. (0x5)
[0629/130944.196:ERROR:process_reader_win.cc(151)] SuspendThread: Access is denied. (0x5)
[0629/130944.072:ERROR:process_reader_win.cc(123)] NtOpenThread: {Access Denied} A process has requested access to an object, but has not been granted those access rights. (0xc0000022)
[0629/130944.200:ERROR:exception_snapshot_win.cc(98)] thread ID 39308 not found in process
[0629/130944.192:ERROR:scoped_process_suspend.cc(40)] NtResumeProcess: An attempt was made to access an exiting process. (0xc000010a)
[0629/130944.196:ERROR:process_reader_win.cc(123)] NtOpenThread: {Access Denied} A process has requested access to an object, but has not been granted those access rights. (0xc0000022)
[0629/130944.280:ERROR:exception_snapshot_win.cc(98)] thread ID 32596 not found in process
